2026-01-02 19:49:27 INFO  [com.orangehrm.tests.LoginTest] - Browser launched and navigated to OrangeHRM login page
2026-01-02 19:49:27 INFO  [com.orangehrm.tests.LoginTest] - Running invalid login test with: wrongUser / admin123
2026-01-02 19:49:38 INFO  [com.orangehrm.tests.LoginTest] - Running invalid login test with: Admin / wrongPass
2026-01-02 19:49:41 INFO  [com.orangehrm.tests.LoginTest] - Running invalid login test with: wrongUser / wrongPass
2026-01-02 19:49:44 INFO  [com.orangehrm.tests.LoginTest] - Running invalid login test with:  / admin
2026-01-02 19:49:44 INFO  [com.orangehrm.tests.LoginTest] - Running invalid login test with: Admin / 
2026-01-02 19:49:47 INFO  [com.orangehrm.tests.LoginTest] - Starting valid login test
2026-01-02 19:49:47 INFO  [com.orangehrm.pages.LoginPage] - Entering username : Admin
2026-01-02 19:49:47 INFO  [com.orangehrm.tests.LoginTest] - Entered username
2026-01-02 19:49:47 INFO  [com.orangehrm.pages.LoginPage] - Entering passord
2026-01-02 19:49:47 INFO  [com.orangehrm.tests.LoginTest] - Entered password
2026-01-02 19:49:47 INFO  [com.orangehrm.pages.LoginPage] - Clicking login button
2026-01-02 19:49:47 INFO  [com.orangehrm.tests.LoginTest] - Clicked Login button
2026-01-02 19:49:57 INFO  [com.orangehrm.tests.LoginTest] - Closing browser adn quitting driver
2026-01-02 19:50:05 INFO  [com.orangehrm.tests.DashboardTest] - Browser launched and navigated to OrangeHRM login page
2026-01-02 19:50:10 INFO  [com.orangehrm.tests.DashboardTest] - Closing browser adn quitting driver
2026-01-02 20:00:14 INFO  [com.orangehrm.tests.DashboardTest] - Browser launched and navigated to OrangeHRM login page
2026-01-02 20:00:24 INFO  [com.orangehrm.tests.DashboardTest] - Closing browser adn quitting driver
2026-01-02 20:33:12 INFO  [com.orangehrm.tests.LoginTest] - Loading config properties...
2026-01-02 20:33:12 INFO  [com.orangehrm.tests.LoginTest] - Browser selected from config: chrome
2026-01-02 20:33:42 INFO  [com.orangehrm.tests.LoginTest] - Navigated to URL: https://opensource-demo.orangehrmlive.com/
2026-01-02 20:49:25 INFO  [com.orangehrm.tests.LoginTest] - Loading config properties...
2026-01-02 20:49:25 INFO  [com.orangehrm.tests.LoginTest] - Browser selected from config: chrome
2026-01-02 22:44:29 INFO  [com.orangehrm.tests.LoginTest] - Loading config properties...
2026-01-02 22:44:29 INFO  [com.orangehrm.tests.LoginTest] - Browser selected from config: chrome
2026-01-03 19:23:22 INFO  [com.orangehrm.tests.LoginTest] - Browser launched and navigated to OrangeHRM login page
2026-01-03 19:23:22 INFO  [com.orangehrm.tests.LoginTest] - Running invalid login test with: wrongUser / admin123
2026-01-03 19:23:26 INFO  [com.orangehrm.tests.LoginTest] - Running invalid login test with: Admin / wrongPass
2026-01-03 19:23:28 INFO  [com.orangehrm.tests.LoginTest] - Running invalid login test with: wrongUser / wrongPass
2026-01-03 19:23:30 INFO  [com.orangehrm.tests.LoginTest] - Running invalid login test with:  / admin
2026-01-03 19:23:30 INFO  [com.orangehrm.tests.LoginTest] - Running invalid login test with: Admin / 
2026-01-03 19:23:32 INFO  [com.orangehrm.tests.LoginTest] - Starting valid login test
2026-01-03 19:23:32 INFO  [com.orangehrm.pages.LoginPage] - Entering username : Admin
2026-01-03 19:23:32 INFO  [com.orangehrm.tests.LoginTest] - Entered username
2026-01-03 19:23:32 INFO  [com.orangehrm.pages.LoginPage] - Entering passord
2026-01-03 19:23:33 INFO  [com.orangehrm.tests.LoginTest] - Entered password
2026-01-03 19:23:33 INFO  [com.orangehrm.pages.LoginPage] - Clicking login button
2026-01-03 19:23:33 INFO  [com.orangehrm.tests.LoginTest] - Clicked Login button
2026-01-03 19:23:43 INFO  [com.orangehrm.tests.LoginTest] - Closing browser adn quitting driver
2026-01-03 19:23:54 INFO  [com.orangehrm.tests.DashboardTest] - Browser launched and navigated to OrangeHRM login page
2026-01-03 19:23:57 INFO  [com.orangehrm.tests.DashboardTest] - Closing browser adn quitting driver
2026-01-03 19:46:04 INFO  [com.orangehrm.tests.LoginTest] - Browser launched and navigated to OrangeHRM login page
2026-01-03 19:46:04 INFO  [com.orangehrm.tests.LoginTest] - Running invalid login test with: wrongUser / admin123
2026-01-03 19:46:08 INFO  [com.orangehrm.tests.LoginTest] - Closing browser adn quitting driver
2026-01-03 19:46:18 INFO  [com.orangehrm.tests.LoginTest] - Browser launched and navigated to OrangeHRM login page
2026-01-03 19:46:18 INFO  [com.orangehrm.tests.LoginTest] - Running invalid login test with: Admin / wrongPass
2026-01-03 19:46:22 INFO  [com.orangehrm.tests.LoginTest] - Closing browser adn quitting driver
2026-01-03 19:46:35 INFO  [com.orangehrm.tests.LoginTest] - Browser launched and navigated to OrangeHRM login page
2026-01-03 19:46:35 INFO  [com.orangehrm.tests.LoginTest] - Running invalid login test with: wrongUser / wrongPass
2026-01-03 19:46:39 INFO  [com.orangehrm.tests.LoginTest] - Closing browser adn quitting driver
2026-01-03 19:46:46 INFO  [com.orangehrm.tests.LoginTest] - Browser launched and navigated to OrangeHRM login page
2026-01-03 19:46:46 INFO  [com.orangehrm.tests.LoginTest] - Running invalid login test with:  / admin
2026-01-03 19:46:58 INFO  [com.orangehrm.tests.LoginTest] - Closing browser adn quitting driver
2026-01-03 19:47:16 INFO  [com.orangehrm.tests.LoginTest] - Browser launched and navigated to OrangeHRM login page
2026-01-03 19:47:16 INFO  [com.orangehrm.tests.LoginTest] - Running invalid login test with: Admin / 
2026-01-03 19:47:28 INFO  [com.orangehrm.tests.LoginTest] - Closing browser adn quitting driver
2026-01-03 19:47:35 INFO  [com.orangehrm.tests.LoginTest] - Browser launched and navigated to OrangeHRM login page
2026-01-03 19:47:35 INFO  [com.orangehrm.tests.LoginTest] - Starting valid login test
2026-01-03 19:47:35 INFO  [com.orangehrm.pages.LoginPage] - Entering username : Admin
2026-01-03 19:47:36 INFO  [com.orangehrm.tests.LoginTest] - Closing browser adn quitting driver
2026-01-03 19:47:46 INFO  [com.orangehrm.tests.DashboardTest] - Browser launched and navigated to OrangeHRM login page
2026-01-03 19:47:50 INFO  [com.orangehrm.tests.DashboardTest] - Closing browser adn quitting driver
2026-01-04 19:33:19 INFO  [com.orangehrm.tests.LoginTest] - Opening URL: https://opensource-demo.orangehrmlive.com/
2026-01-04 19:33:24 INFO  [com.orangehrm.tests.LoginTest] - Browser launched and navigated to OrangeHRM login page
2026-01-04 19:33:24 INFO  [com.orangehrm.tests.LoginTest] - Running invalid login test with: wrongUser / admin123
2026-01-04 19:33:28 INFO  [com.orangehrm.tests.LoginTest] - Closing browser
2026-01-04 19:33:29 INFO  [com.orangehrm.tests.LoginTest] - Opening URL: https://opensource-demo.orangehrmlive.com/
2026-01-04 19:33:34 INFO  [com.orangehrm.tests.LoginTest] - Browser launched and navigated to OrangeHRM login page
2026-01-04 19:33:34 INFO  [com.orangehrm.tests.LoginTest] - Running invalid login test with: Admin / wrongPass
2026-01-04 19:33:39 INFO  [com.orangehrm.tests.LoginTest] - Closing browser
2026-01-04 19:33:40 INFO  [com.orangehrm.tests.LoginTest] - Opening URL: https://opensource-demo.orangehrmlive.com/
2026-01-04 19:33:47 INFO  [com.orangehrm.tests.LoginTest] - Browser launched and navigated to OrangeHRM login page
2026-01-04 19:33:47 INFO  [com.orangehrm.tests.LoginTest] - Running invalid login test with: wrongUser / wrongPass
2026-01-04 19:33:50 INFO  [com.orangehrm.tests.LoginTest] - Closing browser
2026-01-04 19:33:52 INFO  [com.orangehrm.tests.LoginTest] - Opening URL: https://opensource-demo.orangehrmlive.com/
2026-01-04 19:34:03 INFO  [com.orangehrm.tests.LoginTest] - Browser launched and navigated to OrangeHRM login page
2026-01-04 19:34:03 INFO  [com.orangehrm.tests.LoginTest] - Running invalid login test with:  / admin
2026-01-04 19:34:25 INFO  [com.orangehrm.tests.LoginTest] - Closing browser
2026-01-04 19:34:27 INFO  [com.orangehrm.tests.LoginTest] - Opening URL: https://opensource-demo.orangehrmlive.com/
2026-01-04 19:34:33 INFO  [com.orangehrm.tests.LoginTest] - Browser launched and navigated to OrangeHRM login page
2026-01-04 19:34:33 INFO  [com.orangehrm.tests.LoginTest] - Running invalid login test with: Admin / 
2026-01-04 19:34:55 INFO  [com.orangehrm.tests.LoginTest] - Closing browser
2026-01-04 19:34:57 INFO  [com.orangehrm.tests.LoginTest] - Opening URL: https://opensource-demo.orangehrmlive.com/
2026-01-04 19:35:03 INFO  [com.orangehrm.tests.LoginTest] - Browser launched and navigated to OrangeHRM login page
2026-01-04 19:35:03 INFO  [com.orangehrm.tests.LoginTest] - Starting valid login test
2026-01-04 19:35:04 INFO  [com.orangehrm.tests.LoginTest] - Entered username
2026-01-04 19:35:04 INFO  [com.orangehrm.pages.LoginPage] - Entering passord
2026-01-04 19:35:04 INFO  [com.orangehrm.tests.LoginTest] - Entered password
2026-01-04 19:35:04 INFO  [com.orangehrm.pages.LoginPage] - Clicking login button
2026-01-04 19:35:04 INFO  [com.orangehrm.tests.LoginTest] - Clicked Login button
2026-01-04 19:35:16 INFO  [com.orangehrm.tests.LoginTest] - Closing browser
2026-01-04 19:35:19 INFO  [com.orangehrm.tests.DashboardTest] - Opening URL: https://opensource-demo.orangehrmlive.com/
2026-01-04 19:35:32 INFO  [com.orangehrm.tests.DashboardTest] - Browser launched and navigated to OrangeHRM login page
2026-01-04 19:35:36 INFO  [com.orangehrm.tests.DashboardTest] - Closing browser
2026-01-04 20:07:07 INFO  [com.orangehrm.tests.LoginTest] - Opening URL: https://opensource-demo.orangehrmlive.com/
2026-01-04 20:07:14 INFO  [com.orangehrm.tests.LoginTest] - Browser launched and navigated to OrangeHRM login page
2026-01-04 20:07:14 INFO  [com.orangehrm.tests.LoginTest] - Running invalid login test with: wrongUser / admin123
2026-01-04 20:07:18 INFO  [com.orangehrm.tests.LoginTest] - Running invalid login test with: Admin / wrongPass
2026-01-04 20:07:21 INFO  [com.orangehrm.tests.LoginTest] - Running invalid login test with: wrongUser / wrongPass
2026-01-04 20:07:23 INFO  [com.orangehrm.tests.LoginTest] - Running invalid login test with:  / admin
2026-01-04 20:07:24 INFO  [com.orangehrm.tests.LoginTest] - Running invalid login test with: Admin / 
2026-01-04 20:07:27 INFO  [com.orangehrm.tests.LoginTest] - Starting valid login test
2026-01-04 20:07:27 INFO  [com.orangehrm.tests.LoginTest] - Logged in successfully
2026-01-04 20:07:30 INFO  [com.orangehrm.tests.LoginTest] - Valid login test passed
2026-01-04 20:07:30 INFO  [com.orangehrm.tests.LoginTest] - Closing browser
2026-01-04 20:07:32 INFO  [com.orangehrm.tests.DashboardTest] - Opening URL: https://opensource-demo.orangehrmlive.com/
2026-01-04 20:07:39 INFO  [com.orangehrm.tests.DashboardTest] - Browser launched and navigated to OrangeHRM login page
2026-01-04 20:07:43 INFO  [com.orangehrm.tests.DashboardTest] - Closing browser
2026-01-04 20:21:58 INFO  [com.orangehrm.tests.LoginTest] - Opening URL: https://opensource-demo.orangehrmlive.com/
2026-01-04 20:22:06 INFO  [com.orangehrm.tests.LoginTest] - Browser launched and navigated to OrangeHRM login page
2026-01-04 20:22:06 INFO  [com.orangehrm.tests.LoginTest] - Running invalid login test with: wrongUser / admin123
2026-01-04 20:22:10 INFO  [com.orangehrm.tests.LoginTest] - Running invalid login test with: Admin / wrongPass
2026-01-04 20:22:13 INFO  [com.orangehrm.tests.LoginTest] - Running invalid login test with: wrongUser / wrongPass
2026-01-04 20:22:16 INFO  [com.orangehrm.tests.LoginTest] - Running invalid login test with:  / admin
2026-01-04 20:22:16 INFO  [com.orangehrm.tests.LoginTest] - Running invalid login test with: Admin / 
2026-01-04 20:22:19 INFO  [com.orangehrm.tests.LoginTest] - Starting valid login test
2026-01-04 20:22:21 INFO  [com.orangehrm.tests.LoginTest] - Logged in successfully
2026-01-04 20:22:22 INFO  [com.orangehrm.tests.LoginTest] - Valid login test passed
2026-01-04 21:15:29 INFO  [com.orangehrm.tests.AddEmployeeTest] - Opening URL: https://opensource-demo.orangehrmlive.com/
2026-01-04 21:15:35 INFO  [com.orangehrm.tests.AddEmployeeTest] - Browser launched and navigated to OrangeHRM login page
2026-01-04 21:15:43 INFO  [com.orangehrm.pages.AddEmployeePages] - Adding new employee: Sam Wick
2026-01-04 21:15:43 INFO  [com.orangehrm.pages.AddEmployeePages] - Entering first name: Sam
2026-01-04 21:15:44 INFO  [com.orangehrm.pages.AddEmployeePages] - Entering middle name: S
2026-01-04 21:15:44 INFO  [com.orangehrm.pages.AddEmployeePages] - Entering last name: Wick
2026-01-04 21:15:44 INFO  [com.orangehrm.pages.AddEmployeePages] - Entering employee ID : 007
2026-01-04 21:15:45 INFO  [com.orangehrm.pages.AddEmployeePages] - Clicking Save button
2026-01-04 21:15:45 INFO  [com.orangehrm.pages.AddEmployeePages] - Checking if Personal Details header is visible
2026-01-04 21:15:51 INFO  [com.orangehrm.tests.AddEmployeeTest] - Add Employee Test passed Sucessfully 
2026-01-07 14:32:54 INFO  [com.orangehrm.factory.DriverFactory] - Initializing browser: chrome
2026-01-07 14:32:58 INFO  [com.orangehrm.factory.DriverFactory] - Browser launched successfully
2026-01-07 14:32:58 INFO  [com.orangehrm.tests.DashboardTest] - Opening URL: https://opensource-demo.orangehrmlive.com/
2026-01-07 14:33:09 INFO  [com.orangehrm.tests.DashboardTest] - Browser launched and navigated to OrangeHRM login page
2026-01-07 14:33:09 INFO  [com.orangehrm.pages.LoginPage] - Performing login with user: Admin
2026-01-07 16:30:20 INFO  [com.orangehrm.factory.DriverFactory] - Initializing browser: chrome
2026-01-07 16:30:23 INFO  [com.orangehrm.factory.DriverFactory] - Browser launched successfully
2026-01-07 16:30:23 INFO  [com.orangehrm.tests.EmployeeListTest] - Opening URL: https://opensource-demo.orangehrmlive.com/
2026-01-07 16:30:28 INFO  [com.orangehrm.tests.EmployeeListTest] - Browser launched and navigated to OrangeHRM login page
2026-01-07 16:30:28 INFO  [com.orangehrm.tests.EmployeeListTest] - Starting Delete Employee Test
2026-01-07 16:30:28 INFO  [com.orangehrm.pages.LoginPage] - Performing login with user: Admin
2026-01-07 16:30:52 INFO  [com.orangehrm.tests.EmployeeListTest] - Closing browser
2026-01-07 16:30:52 INFO  [com.orangehrm.factory.DriverFactory] - Closing browser
2026-01-07 16:32:52 INFO  [com.orangehrm.factory.DriverFactory] - Initializing browser: chrome
2026-01-07 16:32:54 INFO  [com.orangehrm.factory.DriverFactory] - Browser launched successfully
2026-01-07 16:32:54 INFO  [com.orangehrm.tests.EmployeeListTest] - Opening URL: https://opensource-demo.orangehrmlive.com/
2026-01-07 16:32:58 INFO  [com.orangehrm.tests.EmployeeListTest] - Browser launched and navigated to OrangeHRM login page
2026-01-07 16:32:59 INFO  [com.orangehrm.tests.EmployeeListTest] - Starting Delete Employee Test
2026-01-07 16:32:59 INFO  [com.orangehrm.pages.LoginPage] - Performing login with user: Admin
2026-01-07 16:33:12 INFO  [com.orangehrm.tests.EmployeeListTest] - Closing browser
2026-01-07 16:33:12 INFO  [com.orangehrm.factory.DriverFactory] - Closing browser
2026-01-07 18:42:27 INFO  [com.orangehrm.factory.DriverFactory] - Initializing browser: chrome
2026-01-07 18:42:31 INFO  [com.orangehrm.factory.DriverFactory] - Browser launched successfully
2026-01-07 18:42:31 INFO  [com.orangehrm.tests.AddEmployeeTest] - Opening URL: https://opensource-demo.orangehrmlive.com/
2026-01-07 18:42:36 INFO  [com.orangehrm.tests.AddEmployeeTest] - Browser launched and navigated to OrangeHRM login page
2026-01-07 18:42:36 INFO  [com.orangehrm.pages.LoginPage] - Performing login with user: Admin
2026-01-07 18:43:00 INFO  [com.orangehrm.tests.AddEmployeeTest] - Closing browser
2026-01-07 18:43:00 INFO  [com.orangehrm.factory.DriverFactory] - Closing browser
2026-01-07 18:46:05 INFO  [com.orangehrm.factory.DriverFactory] - Initializing browser: chrome
2026-01-07 18:46:08 INFO  [com.orangehrm.factory.DriverFactory] - Browser launched successfully
2026-01-07 18:46:08 INFO  [com.orangehrm.tests.LoginTest] - Opening URL: https://opensource-demo.orangehrmlive.com/
2026-01-07 18:46:17 INFO  [com.orangehrm.tests.LoginTest] - Browser launched and navigated to OrangeHRM login page
2026-01-07 18:46:17 INFO  [com.orangehrm.tests.LoginTest] - Running invalid login test with: wrongUser / admin123
2026-01-07 18:46:18 INFO  [com.orangehrm.pages.LoginPage] - Performing login with user: wrongUser
2026-01-07 18:46:23 INFO  [com.orangehrm.tests.LoginTest] - Running invalid login test with: Admin / wrongPass
2026-01-07 18:46:24 INFO  [com.orangehrm.pages.LoginPage] - Performing login with user: Admin
2026-01-07 18:46:29 INFO  [com.orangehrm.tests.LoginTest] - Running invalid login test with: wrongUser / wrongPass
2026-01-07 18:46:30 INFO  [com.orangehrm.pages.LoginPage] - Performing login with user: wrongUser
2026-01-07 18:46:33 INFO  [com.orangehrm.tests.LoginTest] - Running invalid login test with:  / admin
2026-01-07 18:46:34 INFO  [com.orangehrm.pages.LoginPage] - Performing login with user: 
2026-01-07 18:46:56 INFO  [com.orangehrm.tests.LoginTest] - Running invalid login test with: Admin / 
2026-01-07 18:46:57 INFO  [com.orangehrm.pages.LoginPage] - Performing login with user: Admin
2026-01-07 18:47:19 INFO  [com.orangehrm.tests.LoginTest] - Starting valid login test
2026-01-07 18:47:19 INFO  [com.orangehrm.pages.LoginPage] - Performing login with user: Admin
2026-01-07 18:47:20 INFO  [com.orangehrm.tests.LoginTest] - Logged in successfully
2026-01-07 18:47:41 INFO  [com.orangehrm.tests.LoginTest] - Closing browser
2026-01-07 18:47:41 INFO  [com.orangehrm.factory.DriverFactory] - Closing browser
2026-01-07 18:55:17 INFO  [com.orangehrm.factory.DriverFactory] - Initializing browser: chrome
2026-01-07 18:55:21 INFO  [com.orangehrm.factory.DriverFactory] - Browser launched successfully
2026-01-07 18:55:21 INFO  [com.orangehrm.tests.LoginTest] - Opening URL: https://opensource-demo.orangehrmlive.com/
2026-01-07 18:55:26 INFO  [com.orangehrm.tests.LoginTest] - Browser launched and navigated to OrangeHRM login page
2026-01-07 18:55:26 INFO  [com.orangehrm.tests.LoginTest] - Starting valid login test
2026-01-07 18:55:26 INFO  [com.orangehrm.pages.LoginPage] - Performing login with user: Admin
2026-01-07 18:55:30 INFO  [com.orangehrm.tests.LoginTest] - Logged in successfully
2026-01-07 18:55:30 INFO  [com.orangehrm.tests.LoginTest] - Valid login test passed
2026-01-07 18:55:31 INFO  [com.orangehrm.tests.LoginTest] - Closing browser
2026-01-07 18:55:31 INFO  [com.orangehrm.factory.DriverFactory] - Closing browser
2026-01-07 18:55:57 INFO  [com.orangehrm.factory.DriverFactory] - Initializing browser: chrome
2026-01-07 18:55:59 INFO  [com.orangehrm.factory.DriverFactory] - Browser launched successfully
2026-01-07 18:55:59 INFO  [com.orangehrm.tests.AddEmployeeTest] - Opening URL: https://opensource-demo.orangehrmlive.com/
2026-01-07 18:56:05 INFO  [com.orangehrm.tests.AddEmployeeTest] - Browser launched and navigated to OrangeHRM login page
2026-01-07 18:56:05 INFO  [com.orangehrm.pages.LoginPage] - Performing login with user: Admin
2026-01-07 18:56:21 INFO  [com.orangehrm.pages.AddEmployeePages] - Adding new employee: Sam Wick
2026-01-07 18:56:21 INFO  [com.orangehrm.pages.AddEmployeePages] - Entering first name: Sam
2026-01-07 18:56:22 INFO  [com.orangehrm.pages.AddEmployeePages] - Entering middle name: S
2026-01-07 18:56:22 INFO  [com.orangehrm.pages.AddEmployeePages] - Entering last name: Wick
2026-01-07 18:56:22 INFO  [com.orangehrm.pages.AddEmployeePages] - Entering employee ID : 007
2026-01-07 18:56:22 INFO  [com.orangehrm.pages.AddEmployeePages] - Clicking Save button
2026-01-07 18:56:23 INFO  [com.orangehrm.pages.AddEmployeePages] - Checking if Personal Details header is visible
2026-01-07 18:56:29 INFO  [com.orangehrm.tests.AddEmployeeTest] - Add Employee Test passed Sucessfully 
2026-01-07 18:56:29 INFO  [com.orangehrm.tests.AddEmployeeTest] - Closing browser
2026-01-07 18:56:29 INFO  [com.orangehrm.factory.DriverFactory] - Closing browser
2026-01-07 19:00:48 INFO  [com.orangehrm.factory.DriverFactory] - Initializing browser: chrome
2026-01-07 19:00:51 INFO  [com.orangehrm.factory.DriverFactory] - Browser launched successfully
2026-01-07 19:00:51 INFO  [com.orangehrm.tests.DashboardTest] - Opening URL: https://opensource-demo.orangehrmlive.com/
2026-01-07 19:00:58 INFO  [com.orangehrm.tests.DashboardTest] - Browser launched and navigated to OrangeHRM login page
2026-01-07 19:00:58 INFO  [com.orangehrm.pages.LoginPage] - Performing login with user: Admin
2026-01-07 19:01:02 INFO  [com.orangehrm.tests.DashboardTest] - Closing browser
2026-01-07 19:01:02 INFO  [com.orangehrm.factory.DriverFactory] - Closing browser
2026-01-08 13:22:16 INFO  [com.orangehrm.factory.DriverFactory] - Initializing browser: chrome
2026-01-08 13:22:20 INFO  [com.orangehrm.factory.DriverFactory] - Browser launched successfully
2026-01-08 13:22:20 INFO  [com.orangehrm.tests.LoginTest] - Opening URL: https://opensource-demo.orangehrmlive.com/
2026-01-08 13:22:25 INFO  [com.orangehrm.tests.LoginTest] - Browser launched and navigated to OrangeHRM login page
2026-01-08 13:22:25 INFO  [com.orangehrm.tests.LoginTest] - Running invalid login test with: wrongUser / admin123
2026-01-08 13:22:29 INFO  [com.orangehrm.tests.LoginTest] - Closing browser
2026-01-08 13:22:29 INFO  [com.orangehrm.factory.DriverFactory] - Closing browser
2026-01-08 13:22:30 INFO  [com.orangehrm.factory.DriverFactory] - Initializing browser: chrome
2026-01-08 13:22:31 INFO  [com.orangehrm.factory.DriverFactory] - Browser launched successfully
2026-01-08 13:22:31 INFO  [com.orangehrm.tests.LoginTest] - Opening URL: https://opensource-demo.orangehrmlive.com/
2026-01-08 13:22:45 INFO  [com.orangehrm.tests.LoginTest] - Browser launched and navigated to OrangeHRM login page
2026-01-08 13:22:45 INFO  [com.orangehrm.tests.LoginTest] - Running invalid login test with: Admin / wrongPass
2026-01-08 13:22:50 INFO  [com.orangehrm.tests.LoginTest] - Closing browser
2026-01-08 13:22:50 INFO  [com.orangehrm.factory.DriverFactory] - Closing browser
2026-01-08 13:22:50 INFO  [com.orangehrm.factory.DriverFactory] - Initializing browser: chrome
2026-01-08 13:22:52 INFO  [com.orangehrm.factory.DriverFactory] - Browser launched successfully
2026-01-08 13:22:52 INFO  [com.orangehrm.tests.LoginTest] - Opening URL: https://opensource-demo.orangehrmlive.com/
2026-01-08 13:22:57 INFO  [com.orangehrm.tests.LoginTest] - Browser launched and navigated to OrangeHRM login page
2026-01-08 13:22:57 INFO  [com.orangehrm.tests.LoginTest] - Running invalid login test with: wrongUser / wrongPass
2026-01-08 13:23:01 INFO  [com.orangehrm.tests.LoginTest] - Closing browser
2026-01-08 13:23:01 INFO  [com.orangehrm.factory.DriverFactory] - Closing browser
2026-01-08 13:23:01 INFO  [com.orangehrm.factory.DriverFactory] - Initializing browser: chrome
2026-01-08 13:23:03 INFO  [com.orangehrm.factory.DriverFactory] - Browser launched successfully
2026-01-08 13:23:03 INFO  [com.orangehrm.tests.LoginTest] - Opening URL: https://opensource-demo.orangehrmlive.com/
2026-01-08 13:23:07 INFO  [com.orangehrm.tests.LoginTest] - Browser launched and navigated to OrangeHRM login page
2026-01-08 13:23:07 INFO  [com.orangehrm.tests.LoginTest] - Running invalid login test with:  / admin
2026-01-08 13:23:30 INFO  [com.orangehrm.tests.LoginTest] - Closing browser
2026-01-08 13:23:30 INFO  [com.orangehrm.factory.DriverFactory] - Closing browser
2026-01-08 13:23:31 INFO  [com.orangehrm.factory.DriverFactory] - Initializing browser: chrome
2026-01-08 13:23:32 INFO  [com.orangehrm.factory.DriverFactory] - Browser launched successfully
2026-01-08 13:23:32 INFO  [com.orangehrm.tests.LoginTest] - Opening URL: https://opensource-demo.orangehrmlive.com/
2026-01-08 13:23:48 INFO  [com.orangehrm.tests.LoginTest] - Browser launched and navigated to OrangeHRM login page
2026-01-08 13:23:48 INFO  [com.orangehrm.tests.LoginTest] - Running invalid login test with: Admin / 
2026-01-08 13:24:11 INFO  [com.orangehrm.tests.LoginTest] - Closing browser
2026-01-08 13:24:11 INFO  [com.orangehrm.factory.DriverFactory] - Closing browser
2026-01-08 13:24:11 INFO  [com.orangehrm.factory.DriverFactory] - Initializing browser: chrome
2026-01-08 13:24:13 INFO  [com.orangehrm.factory.DriverFactory] - Browser launched successfully
2026-01-08 13:24:13 INFO  [com.orangehrm.tests.LoginTest] - Opening URL: https://opensource-demo.orangehrmlive.com/
2026-01-08 13:24:19 INFO  [com.orangehrm.tests.LoginTest] - Browser launched and navigated to OrangeHRM login page
2026-01-08 13:24:19 INFO  [com.orangehrm.tests.LoginTest] - Starting valid login test
2026-01-08 13:24:20 INFO  [com.orangehrm.tests.LoginTest] - Logged in successfully
2026-01-08 13:24:23 INFO  [com.orangehrm.tests.LoginTest] - Valid login test passed
2026-01-08 13:24:23 INFO  [com.orangehrm.tests.LoginTest] - Closing browser
2026-01-08 13:24:23 INFO  [com.orangehrm.factory.DriverFactory] - Closing browser
2026-01-08 14:21:34 INFO  [com.orangehrm.factory.DriverFactory] - Initializing browser: chrome
2026-01-08 14:21:36 INFO  [com.orangehrm.factory.DriverFactory] - Browser launched successfully
2026-01-08 14:21:36 INFO  [com.orangehrm.tests.LoginTest] - Opening URL: https://opensource-demo.orangehrmlive.com/
2026-01-08 14:21:42 INFO  [com.orangehrm.tests.LoginTest] - Browser launched and navigated to OrangeHRM login page
2026-01-08 14:21:42 INFO  [com.orangehrm.tests.LoginTest] - Running invalid login test with: wrongUser / admin123
2026-01-08 14:21:46 INFO  [com.orangehrm.tests.LoginTest] - Closing browser
2026-01-08 14:21:46 INFO  [com.orangehrm.factory.DriverFactory] - Closing browser
2026-01-08 14:21:47 INFO  [com.orangehrm.factory.DriverFactory] - Initializing browser: chrome
2026-01-08 14:21:50 INFO  [com.orangehrm.factory.DriverFactory] - Browser launched successfully
2026-01-08 14:21:50 INFO  [com.orangehrm.tests.LoginTest] - Opening URL: https://opensource-demo.orangehrmlive.com/
2026-01-08 14:22:04 INFO  [com.orangehrm.tests.LoginTest] - Browser launched and navigated to OrangeHRM login page
2026-01-08 14:22:04 INFO  [com.orangehrm.tests.LoginTest] - Running invalid login test with: Admin / wrongPass
2026-01-08 14:22:09 INFO  [com.orangehrm.tests.LoginTest] - Closing browser
2026-01-08 14:22:09 INFO  [com.orangehrm.factory.DriverFactory] - Closing browser
2026-01-08 14:22:09 INFO  [com.orangehrm.factory.DriverFactory] - Initializing browser: chrome
2026-01-08 14:22:11 INFO  [com.orangehrm.factory.DriverFactory] - Browser launched successfully
2026-01-08 14:22:11 INFO  [com.orangehrm.tests.LoginTest] - Opening URL: https://opensource-demo.orangehrmlive.com/
2026-01-08 14:22:16 INFO  [com.orangehrm.tests.LoginTest] - Browser launched and navigated to OrangeHRM login page
2026-01-08 14:22:16 INFO  [com.orangehrm.tests.LoginTest] - Running invalid login test with: wrongUser / wrongPass
2026-01-08 14:22:21 INFO  [com.orangehrm.tests.LoginTest] - Closing browser
2026-01-08 14:22:21 INFO  [com.orangehrm.factory.DriverFactory] - Closing browser
2026-01-08 14:22:21 INFO  [com.orangehrm.factory.DriverFactory] - Initializing browser: chrome
2026-01-08 14:22:24 INFO  [com.orangehrm.factory.DriverFactory] - Browser launched successfully
2026-01-08 14:22:24 INFO  [com.orangehrm.tests.LoginTest] - Opening URL: https://opensource-demo.orangehrmlive.com/
2026-01-08 14:22:26 INFO  [com.orangehrm.tests.LoginTest] - Browser launched and navigated to OrangeHRM login page
2026-01-08 14:22:26 INFO  [com.orangehrm.tests.LoginTest] - Running invalid login test with:  / admin
2026-01-08 14:22:35 INFO  [com.orangehrm.tests.LoginTest] - Closing browser
2026-01-08 14:22:35 INFO  [com.orangehrm.factory.DriverFactory] - Closing browser
2026-01-08 14:22:36 INFO  [com.orangehrm.factory.DriverFactory] - Initializing browser: chrome
2026-01-08 14:22:38 INFO  [com.orangehrm.factory.DriverFactory] - Browser launched successfully
2026-01-08 14:22:38 INFO  [com.orangehrm.tests.LoginTest] - Opening URL: https://opensource-demo.orangehrmlive.com/
2026-01-08 14:22:44 INFO  [com.orangehrm.tests.LoginTest] - Browser launched and navigated to OrangeHRM login page
2026-01-08 14:22:44 INFO  [com.orangehrm.tests.LoginTest] - Running invalid login test with: Admin / 
2026-01-08 14:22:46 INFO  [com.orangehrm.tests.LoginTest] - Closing browser
2026-01-08 14:22:46 INFO  [com.orangehrm.factory.DriverFactory] - Closing browser
2026-01-08 14:25:34 INFO  [com.orangehrm.factory.DriverFactory] - Initializing browser: chrome
2026-01-08 14:25:37 INFO  [com.orangehrm.factory.DriverFactory] - Browser launched successfully
2026-01-08 14:25:37 INFO  [com.orangehrm.tests.DashboardTest] - Opening URL: https://opensource-demo.orangehrmlive.com/
2026-01-08 14:25:45 INFO  [com.orangehrm.tests.DashboardTest] - Browser launched and navigated to OrangeHRM login page
2026-01-08 14:25:53 INFO  [com.orangehrm.tests.DashboardTest] - Closing browser
2026-01-08 14:25:53 INFO  [com.orangehrm.factory.DriverFactory] - Closing browser
2026-01-12 21:19:19 INFO  [com.orangehrm.factory.DriverFactory] - Initializing browser: chrome
2026-01-12 21:19:19 INFO  [com.orangehrm.factory.DriverFactory] - Running Chrome in HEADLESS mode
2026-01-12 21:19:23 INFO  [com.orangehrm.factory.DriverFactory] - Browser launched successfully
2026-01-12 21:19:23 INFO  [com.orangehrm.tests.AddEmployeeTest] - Opening URL: https://opensource-demo.orangehrmlive.com/
2026-01-12 21:19:32 INFO  [com.orangehrm.tests.AddEmployeeTest] - Browser launched and navigated to OrangeHRM login page
2026-01-12 21:19:57 INFO  [com.orangehrm.tests.AddEmployeeTest] - Closing browser
2026-01-12 21:19:57 INFO  [com.orangehrm.factory.DriverFactory] - Closing browser
2026-01-12 21:19:57 INFO  [com.orangehrm.factory.DriverFactory] - Initializing browser: chrome
2026-01-12 21:19:57 INFO  [com.orangehrm.factory.DriverFactory] - Running Chrome in HEADLESS mode
2026-01-12 21:19:59 INFO  [com.orangehrm.factory.DriverFactory] - Browser launched successfully
2026-01-12 21:19:59 INFO  [com.orangehrm.tests.DashboardTest] - Opening URL: https://opensource-demo.orangehrmlive.com/
2026-01-12 21:20:07 INFO  [com.orangehrm.tests.DashboardTest] - Browser launched and navigated to OrangeHRM login page
2026-01-12 21:20:16 INFO  [com.orangehrm.tests.DashboardTest] - Closing browser
2026-01-12 21:20:16 INFO  [com.orangehrm.factory.DriverFactory] - Closing browser
2026-01-12 21:20:16 INFO  [com.orangehrm.factory.DriverFactory] - Initializing browser: chrome
2026-01-12 21:20:16 INFO  [com.orangehrm.factory.DriverFactory] - Running Chrome in HEADLESS mode
2026-01-12 21:20:17 INFO  [com.orangehrm.factory.DriverFactory] - Browser launched successfully
2026-01-12 21:20:17 INFO  [com.orangehrm.tests.EmployeeListTest] - Opening URL: https://opensource-demo.orangehrmlive.com/
2026-01-12 21:20:24 INFO  [com.orangehrm.tests.EmployeeListTest] - Browser launched and navigated to OrangeHRM login page
2026-01-12 21:20:24 INFO  [com.orangehrm.tests.EmployeeListTest] - Starting Delete Employee Test
2026-01-12 21:20:24 INFO  [com.orangehrm.tests.EmployeeListTest] - Closing browser
2026-01-12 21:20:24 INFO  [com.orangehrm.factory.DriverFactory] - Closing browser
2026-01-12 23:09:29 INFO  [com.orangehrm.factory.DriverFactory] - Initializing browser: chrome
2026-01-12 23:09:29 INFO  [com.orangehrm.factory.DriverFactory] - Running Chrome in HEADLESS mode
2026-01-12 23:09:32 INFO  [com.orangehrm.factory.DriverFactory] - Browser launched successfully
2026-01-12 23:09:32 INFO  [com.orangehrm.tests.AddEmployeeTest] - Opening URL: https://opensource-demo.orangehrmlive.com/
2026-01-12 23:09:39 INFO  [com.orangehrm.tests.AddEmployeeTest] - Browser launched and navigated to OrangeHRM login page
2026-01-12 23:10:03 INFO  [com.orangehrm.tests.AddEmployeeTest] - Closing browser
2026-01-12 23:10:03 INFO  [com.orangehrm.factory.DriverFactory] - Closing browser
2026-01-12 23:10:03 INFO  [com.orangehrm.factory.DriverFactory] - Initializing browser: chrome
2026-01-12 23:10:03 INFO  [com.orangehrm.factory.DriverFactory] - Running Chrome in HEADLESS mode
2026-01-12 23:10:04 INFO  [com.orangehrm.factory.DriverFactory] - Browser launched successfully
2026-01-12 23:10:04 INFO  [com.orangehrm.tests.DashboardTest] - Opening URL: https://opensource-demo.orangehrmlive.com/
2026-01-12 23:10:14 INFO  [com.orangehrm.tests.DashboardTest] - Browser launched and navigated to OrangeHRM login page
2026-01-12 23:10:18 INFO  [com.orangehrm.tests.DashboardTest] - Closing browser
2026-01-12 23:10:18 INFO  [com.orangehrm.factory.DriverFactory] - Closing browser
2026-01-12 23:10:18 INFO  [com.orangehrm.factory.DriverFactory] - Initializing browser: chrome
2026-01-12 23:10:18 INFO  [com.orangehrm.factory.DriverFactory] - Running Chrome in HEADLESS mode
2026-01-12 23:10:20 INFO  [com.orangehrm.factory.DriverFactory] - Browser launched successfully
2026-01-12 23:10:20 INFO  [com.orangehrm.tests.EmployeeListTest] - Opening URL: https://opensource-demo.orangehrmlive.com/
2026-01-12 23:10:26 INFO  [com.orangehrm.tests.EmployeeListTest] - Browser launched and navigated to OrangeHRM login page
2026-01-12 23:10:26 INFO  [com.orangehrm.tests.EmployeeListTest] - Starting Delete Employee Test
2026-01-12 23:10:26 INFO  [com.orangehrm.tests.EmployeeListTest] - Closing browser
2026-01-12 23:10:26 INFO  [com.orangehrm.factory.DriverFactory] - Closing browser
2026-01-12 23:10:26 INFO  [com.orangehrm.factory.DriverFactory] - Initializing browser: chrome
2026-01-12 23:10:26 INFO  [com.orangehrm.factory.DriverFactory] - Running Chrome in HEADLESS mode
2026-01-12 23:10:28 INFO  [com.orangehrm.factory.DriverFactory] - Browser launched successfully
2026-01-12 23:10:28 INFO  [com.orangehrm.tests.LoginTest] - Opening URL: https://opensource-demo.orangehrmlive.com/
2026-01-12 23:10:32 INFO  [com.orangehrm.tests.LoginTest] - Browser launched and navigated to OrangeHRM login page
2026-01-12 23:10:32 INFO  [com.orangehrm.tests.LoginTest] - Starting valid login test
2026-01-12 23:10:33 INFO  [com.orangehrm.tests.LoginTest] - Logged in successfully
2026-01-12 23:10:35 INFO  [com.orangehrm.tests.LoginTest] - Valid login test passed
2026-01-12 23:10:35 INFO  [com.orangehrm.tests.LoginTest] - Closing browser
2026-01-12 23:10:35 INFO  [com.orangehrm.factory.DriverFactory] - Closing browser
2026-01-12 23:10:36 INFO  [com.orangehrm.factory.DriverFactory] - Initializing browser: chrome
2026-01-12 23:10:36 INFO  [com.orangehrm.factory.DriverFactory] - Running Chrome in HEADLESS mode
2026-01-12 23:10:37 INFO  [com.orangehrm.factory.DriverFactory] - Browser launched successfully
2026-01-12 23:10:37 INFO  [com.orangehrm.tests.AddEmployeeTest] - Opening URL: https://opensource-demo.orangehrmlive.com/
2026-01-12 23:10:45 INFO  [com.orangehrm.tests.AddEmployeeTest] - Browser launched and navigated to OrangeHRM login page
2026-01-12 23:11:11 INFO  [com.orangehrm.tests.AddEmployeeTest] - Closing browser
2026-01-12 23:11:11 INFO  [com.orangehrm.factory.DriverFactory] - Closing browser
2026-01-12 23:11:11 INFO  [com.orangehrm.factory.DriverFactory] - Initializing browser: chrome
2026-01-12 23:11:11 INFO  [com.orangehrm.factory.DriverFactory] - Running Chrome in HEADLESS mode
2026-01-12 23:11:12 INFO  [com.orangehrm.factory.DriverFactory] - Browser launched successfully
2026-01-12 23:11:12 INFO  [com.orangehrm.tests.DashboardTest] - Opening URL: https://opensource-demo.orangehrmlive.com/
2026-01-12 23:11:19 INFO  [com.orangehrm.tests.DashboardTest] - Browser launched and navigated to OrangeHRM login page
2026-01-12 23:11:23 INFO  [com.orangehrm.tests.DashboardTest] - Closing browser
2026-01-12 23:11:23 INFO  [com.orangehrm.factory.DriverFactory] - Closing browser
2026-01-12 23:11:24 INFO  [com.orangehrm.factory.DriverFactory] - Initializing browser: chrome
2026-01-12 23:11:24 INFO  [com.orangehrm.factory.DriverFactory] - Running Chrome in HEADLESS mode
2026-01-12 23:11:25 INFO  [com.orangehrm.factory.DriverFactory] - Browser launched successfully
2026-01-12 23:11:25 INFO  [com.orangehrm.tests.EmployeeListTest] - Opening URL: https://opensource-demo.orangehrmlive.com/
2026-01-12 23:11:31 INFO  [com.orangehrm.tests.EmployeeListTest] - Browser launched and navigated to OrangeHRM login page
2026-01-12 23:11:31 INFO  [com.orangehrm.tests.EmployeeListTest] - Starting Delete Employee Test
2026-01-12 23:11:31 INFO  [com.orangehrm.tests.EmployeeListTest] - Closing browser
2026-01-12 23:11:31 INFO  [com.orangehrm.factory.DriverFactory] - Closing browser
2026-01-12 23:11:32 INFO  [com.orangehrm.factory.DriverFactory] - Initializing browser: chrome
2026-01-12 23:11:32 INFO  [com.orangehrm.factory.DriverFactory] - Running Chrome in HEADLESS mode
2026-01-12 23:11:33 INFO  [com.orangehrm.factory.DriverFactory] - Browser launched successfully
2026-01-12 23:11:33 INFO  [com.orangehrm.tests.LoginTest] - Opening URL: https://opensource-demo.orangehrmlive.com/
2026-01-12 23:11:38 INFO  [com.orangehrm.tests.LoginTest] - Browser launched and navigated to OrangeHRM login page
2026-01-12 23:11:38 INFO  [com.orangehrm.tests.LoginTest] - Starting valid login test
2026-01-12 23:11:40 INFO  [com.orangehrm.tests.LoginTest] - Logged in successfully
2026-01-12 23:11:41 INFO  [com.orangehrm.tests.LoginTest] - Valid login test passed
2026-01-12 23:11:41 INFO  [com.orangehrm.tests.LoginTest] - Closing browser
2026-01-12 23:11:41 INFO  [com.orangehrm.factory.DriverFactory] - Closing browser
2026-01-12 23:36:13 INFO  [com.orangehrm.tests.LoginTest] - Starting valid login test
2026-01-12 23:36:14 INFO  [com.orangehrm.tests.EmployeeListTest] - Starting Delete Employee Test
2026-01-12 23:36:14 INFO  [com.orangehrm.tests.LoginTest] - Starting valid login test
2026-01-13 09:25:30 INFO  [com.orangehrm.tests.LoginTest] - Starting valid login test
2026-01-13 09:25:31 INFO  [com.orangehrm.tests.EmployeeListTest] - Starting Delete Employee Test
2026-01-13 09:43:23 INFO  [com.orangehrm.tests.LoginTest] - Starting valid login test
2026-01-13 09:43:23 INFO  [com.orangehrm.tests.LoginTest] - Starting valid login test
2026-01-13 09:43:23 INFO  [com.orangehrm.tests.LoginTest] - Starting valid login test
2026-01-13 09:43:23 INFO  [com.orangehrm.tests.EmployeeListTest] - Starting Delete Employee Test
2026-01-13 09:43:23 INFO  [com.orangehrm.tests.EmployeeListTest] - Starting Delete Employee Test
2026-01-13 09:43:23 INFO  [com.orangehrm.tests.EmployeeListTest] - Starting Delete Employee Test
2026-01-13 10:25:00 INFO  [com.orangehrm.tests.LoginTest] - Starting valid login test
2026-01-13 10:25:00 INFO  [com.orangehrm.tests.LoginTest] - Starting valid login test
2026-01-13 10:25:00 INFO  [com.orangehrm.tests.LoginTest] - Starting valid login test
2026-01-13 10:25:01 INFO  [com.orangehrm.tests.EmployeeListTest] - Starting Delete Employee Test
2026-01-13 10:25:01 INFO  [com.orangehrm.tests.EmployeeListTest] - Starting Delete Employee Test
2026-01-13 10:25:01 INFO  [com.orangehrm.tests.EmployeeListTest] - Starting Delete Employee Test
2026-01-13 11:43:44 INFO  [com.orangehrm.tests.LoginTest] - Starting valid login test
2026-01-13 11:43:44 INFO  [com.orangehrm.tests.LoginTest] - Starting valid login test
2026-01-13 11:43:44 INFO  [com.orangehrm.tests.LoginTest] - Starting valid login test
2026-01-13 11:43:45 INFO  [com.orangehrm.tests.EmployeeListTest] - Starting Delete Employee Test
2026-01-13 11:43:45 INFO  [com.orangehrm.tests.EmployeeListTest] - Starting Delete Employee Test
2026-01-13 11:43:45 INFO  [com.orangehrm.tests.EmployeeListTest] - Starting Delete Employee Test
2026-01-13 11:54:42 INFO  [com.orangehrm.factory.DriverFactory] - Initializing browser: chrome
2026-01-13 11:54:42 INFO  [com.orangehrm.factory.DriverFactory] - Running Chrome in HEADLESS mode
2026-01-13 11:54:46 INFO  [com.orangehrm.factory.DriverFactory] - Browser launched successfully
2026-01-13 11:54:46 INFO  [com.orangehrm.tests.DashboardTest] - Opening URL: https://opensource-demo.orangehrmlive.com/
2026-01-13 11:54:52 INFO  [com.orangehrm.tests.DashboardTest] - Browser launched and navigated to OrangeHRM login page
2026-01-13 11:54:56 INFO  [com.orangehrm.tests.DashboardTest] - Closing browser
2026-01-13 11:54:56 INFO  [com.orangehrm.factory.DriverFactory] - Closing browser
2026-01-13 11:54:57 INFO  [com.orangehrm.factory.DriverFactory] - Initializing browser: chrome
2026-01-13 11:54:57 INFO  [com.orangehrm.factory.DriverFactory] - Running Chrome in HEADLESS mode
2026-01-13 11:54:58 INFO  [com.orangehrm.factory.DriverFactory] - Browser launched successfully
2026-01-13 11:54:58 INFO  [com.orangehrm.tests.LoginTest] - Opening URL: https://opensource-demo.orangehrmlive.com/
2026-01-13 11:55:03 INFO  [com.orangehrm.tests.LoginTest] - Browser launched and navigated to OrangeHRM login page
2026-01-13 11:55:03 INFO  [com.orangehrm.tests.LoginTest] - Starting valid login test
2026-01-13 11:55:07 INFO  [com.orangehrm.tests.LoginTest] - Logged in successfully
2026-01-13 11:55:08 INFO  [com.orangehrm.tests.LoginTest] - Valid login test passed
2026-01-13 11:55:08 INFO  [com.orangehrm.tests.LoginTest] - Closing browser
2026-01-13 11:55:08 INFO  [com.orangehrm.factory.DriverFactory] - Closing browser
2026-01-13 11:55:09 INFO  [com.orangehrm.factory.DriverFactory] - Initializing browser: chrome
2026-01-13 11:55:09 INFO  [com.orangehrm.factory.DriverFactory] - Running Chrome in HEADLESS mode
2026-01-13 11:55:11 INFO  [com.orangehrm.factory.DriverFactory] - Browser launched successfully
2026-01-13 11:55:11 INFO  [com.orangehrm.tests.AddEmployeeTest] - Opening URL: https://opensource-demo.orangehrmlive.com/
2026-01-13 11:55:16 INFO  [com.orangehrm.tests.AddEmployeeTest] - Browser launched and navigated to OrangeHRM login page
2026-01-13 11:55:41 INFO  [com.orangehrm.tests.AddEmployeeTest] - Closing browser
2026-01-13 11:55:41 INFO  [com.orangehrm.factory.DriverFactory] - Closing browser
2026-01-13 11:55:42 INFO  [com.orangehrm.factory.DriverFactory] - Initializing browser: chrome
2026-01-13 11:55:42 INFO  [com.orangehrm.factory.DriverFactory] - Running Chrome in HEADLESS mode
2026-01-13 11:55:43 INFO  [com.orangehrm.factory.DriverFactory] - Browser launched successfully
2026-01-13 11:55:43 INFO  [com.orangehrm.tests.AddEmployeeTest] - Opening URL: https://opensource-demo.orangehrmlive.com/
2026-01-13 11:55:45 INFO  [com.orangehrm.tests.AddEmployeeTest] - Browser launched and navigated to OrangeHRM login page
2026-01-13 11:56:14 INFO  [com.orangehrm.tests.AddEmployeeTest] - Closing browser
2026-01-13 11:56:14 INFO  [com.orangehrm.factory.DriverFactory] - Closing browser
2026-01-13 11:56:15 INFO  [com.orangehrm.factory.DriverFactory] - Initializing browser: chrome
2026-01-13 11:56:15 INFO  [com.orangehrm.factory.DriverFactory] - Running Chrome in HEADLESS mode
2026-01-13 11:56:16 INFO  [com.orangehrm.factory.DriverFactory] - Browser launched successfully
2026-01-13 11:56:16 INFO  [com.orangehrm.tests.AddEmployeeTest] - Opening URL: https://opensource-demo.orangehrmlive.com/
2026-01-13 11:56:21 INFO  [com.orangehrm.tests.AddEmployeeTest] - Browser launched and navigated to OrangeHRM login page
2026-01-13 11:56:46 INFO  [com.orangehrm.tests.AddEmployeeTest] - Closing browser
2026-01-13 11:56:46 INFO  [com.orangehrm.factory.DriverFactory] - Closing browser
2026-01-13 11:56:47 INFO  [com.orangehrm.factory.DriverFactory] - Initializing browser: chrome
2026-01-13 11:56:47 INFO  [com.orangehrm.factory.DriverFactory] - Running Chrome in HEADLESS mode
2026-01-13 11:56:48 INFO  [com.orangehrm.factory.DriverFactory] - Browser launched successfully
2026-01-13 11:56:48 INFO  [com.orangehrm.tests.EmployeeListTest] - Opening URL: https://opensource-demo.orangehrmlive.com/
2026-01-13 11:56:54 INFO  [com.orangehrm.tests.EmployeeListTest] - Browser launched and navigated to OrangeHRM login page
2026-01-13 11:56:54 INFO  [com.orangehrm.tests.EmployeeListTest] - Starting Delete Employee Test
2026-01-13 11:56:54 INFO  [com.orangehrm.tests.EmployeeListTest] - Closing browser
2026-01-13 11:56:54 INFO  [com.orangehrm.factory.DriverFactory] - Closing browser
2026-01-13 11:56:54 INFO  [com.orangehrm.factory.DriverFactory] - Initializing browser: chrome
2026-01-13 11:56:54 INFO  [com.orangehrm.factory.DriverFactory] - Running Chrome in HEADLESS mode
2026-01-13 11:56:55 INFO  [com.orangehrm.factory.DriverFactory] - Browser launched successfully
2026-01-13 11:56:55 INFO  [com.orangehrm.tests.EmployeeListTest] - Opening URL: https://opensource-demo.orangehrmlive.com/
2026-01-13 11:57:00 INFO  [com.orangehrm.tests.EmployeeListTest] - Browser launched and navigated to OrangeHRM login page
2026-01-13 11:57:00 INFO  [com.orangehrm.tests.EmployeeListTest] - Starting Delete Employee Test
2026-01-13 11:57:00 INFO  [com.orangehrm.tests.EmployeeListTest] - Closing browser
2026-01-13 11:57:00 INFO  [com.orangehrm.factory.DriverFactory] - Closing browser
2026-01-13 11:57:00 INFO  [com.orangehrm.factory.DriverFactory] - Initializing browser: chrome
2026-01-13 11:57:00 INFO  [com.orangehrm.factory.DriverFactory] - Running Chrome in HEADLESS mode
2026-01-13 11:57:02 INFO  [com.orangehrm.factory.DriverFactory] - Browser launched successfully
2026-01-13 11:57:02 INFO  [com.orangehrm.tests.EmployeeListTest] - Opening URL: https://opensource-demo.orangehrmlive.com/
2026-01-13 11:57:06 INFO  [com.orangehrm.tests.EmployeeListTest] - Browser launched and navigated to OrangeHRM login page
2026-01-13 11:57:06 INFO  [com.orangehrm.tests.EmployeeListTest] - Starting Delete Employee Test
2026-01-13 11:57:07 INFO  [com.orangehrm.tests.EmployeeListTest] - Closing browser
2026-01-13 11:57:07 INFO  [com.orangehrm.factory.DriverFactory] - Closing browser
